nohup: ignoring input
$ nodemon src/index.js src/index.js
[33m[nodemon] 3.1.0[39m
[33m[nodemon] to restart at any time, enter `rs`[39m
[33m[nodemon] watching path(s): *.*[39m
[33m[nodemon] watching extensions: js,mjs,cjs,json[39m
[32m[nodemon] starting `node src/index.js src/index.js`[39m
node:events:492
      throw er; // Unhandled 'error' event
      ^

Error: EBADF: bad file descriptor, read
Emitted 'error' event on ReadStream instance at:
    at emitErrorNT (node:internal/streams/destroy:151:8)
    at errorOrDestroy (node:internal/streams/destroy:214:7)
    at node:internal/fs/streams:258:9
    at FSReqCallback.wrapper [as oncomplete] (node:fs:700:5) {
  errno: -4083,
  code: 'EBADF',
  syscall: 'read'
}

Node.js v20.6.1
error: script "dev" exited with code 1
